F:\INTERESTRATEMODELS\INTERESTRATEMODELS\DEBUG\CASHBALANCE.OBJ
F:\INTERESTRATEMODELS\INTERESTRATEMODELS\DEBUG\GENERATOR.OBJ
F:\INTERESTRATEMODELS\INTERESTRATEMODELS\DEBUG\HULL_WHITE.OBJ
F:\INTERESTRATEMODELS\INTERESTRATEMODELS\DEBUG\INTEREST_FORMULA.OBJ
F:\INTERESTRATEMODELS\INTERESTRATEMODELS\DEBUG\VASICEK.OBJ
F:\INTERESTRATEMODELS\INTERESTRATEMODELS\DEBUG\WRITEFILE.OBJ
F:\INTERESTRATEMODELS\INTERESTRATEMODELS\DEBUG\VC110.PDB
F:\INTERESTRATEMODELS\INTERESTRATEMODELS\DEBUG\MAIN.OBJ
F:\INTERESTRATEMODELS\INTERESTRATEMODELS\DEBUG\BLACK_SCHOLE.OBJ
F:\INTERESTRATEMODELS\INTERESTRATEMODELS\DEBUG\STATISTIC.OBJ
F:\INTERESTRATEMODELS\INTERESTRATEMODELS\DEBUG\TESTS.OBJ
F:\INTERESTRATEMODELS\DEBUG\INTERESTRATEMODELS.ILK
F:\INTERESTRATEMODELS\DEBUG\INTERESTRATEMODELS.EXE
F:\INTERESTRATEMODELS\DEBUG\INTERESTRATEMODELS.PDB
F:\InterestRateModels\InterestRateModels\Debug\Black_Schole.obj
F:\InterestRateModels\InterestRateModels\Debug\CashBalance.obj
F:\InterestRateModels\InterestRateModels\Debug\Generator.obj
F:\InterestRateModels\InterestRateModels\Debug\Hull_White.obj
F:\InterestRateModels\InterestRateModels\Debug\Interest_Formula.obj
F:\InterestRateModels\InterestRateModels\Debug\main.obj
F:\InterestRateModels\InterestRateModels\Debug\Statistic.obj
F:\InterestRateModels\InterestRateModels\Debug\Tests.obj
F:\InterestRateModels\InterestRateModels\Debug\Vasicek.obj
F:\InterestRateModels\InterestRateModels\Debug\WriteFile.obj
F:\InterestRateModels\InterestRateModels\Debug\cl.command.1.tlog
F:\InterestRateModels\InterestRateModels\Debug\CL.read.1.tlog
F:\InterestRateModels\InterestRateModels\Debug\CL.write.1.tlog
F:\InterestRateModels\InterestRateModels\Debug\link-cvtres.read.1.tlog
F:\InterestRateModels\InterestRateModels\Debug\link-cvtres.write.1.tlog
F:\InterestRateModels\InterestRateModels\Debug\link-rc.read.1.tlog
F:\InterestRateModels\InterestRateModels\Debug\link-rc.write.1.tlog
F:\InterestRateModels\InterestRateModels\Debug\link.103412-cvtres.read.1.tlog
F:\InterestRateModels\InterestRateModels\Debug\link.103412-cvtres.write.1.tlog
F:\InterestRateModels\InterestRateModels\Debug\link.103412-rc.read.1.tlog
F:\InterestRateModels\InterestRateModels\Debug\link.103412-rc.write.1.tlog
F:\InterestRateModels\InterestRateModels\Debug\link.103412.read.1.tlog
F:\InterestRateModels\InterestRateModels\Debug\link.103412.write.1.tlog
F:\InterestRateModels\InterestRateModels\Debug\link.106392.read.1.tlog
F:\InterestRateModels\InterestRateModels\Debug\link.106392.write.1.tlog
F:\InterestRateModels\InterestRateModels\Debug\link.106856-cvtres.read.1.tlog
F:\InterestRateModels\InterestRateModels\Debug\link.106856-cvtres.write.1.tlog
F:\InterestRateModels\InterestRateModels\Debug\link.106856-rc.read.1.tlog
F:\InterestRateModels\InterestRateModels\Debug\link.106856-rc.write.1.tlog
F:\InterestRateModels\InterestRateModels\Debug\link.106856.read.1.tlog
F:\InterestRateModels\InterestRateModels\Debug\link.106856.write.1.tlog
F:\InterestRateModels\InterestRateModels\Debug\link.15304-cvtres.read.1.tlog
F:\InterestRateModels\InterestRateModels\Debug\link.15304-cvtres.write.1.tlog
F:\InterestRateModels\InterestRateModels\Debug\link.15304-rc.read.1.tlog
F:\InterestRateModels\InterestRateModels\Debug\link.15304-rc.write.1.tlog
F:\InterestRateModels\InterestRateModels\Debug\link.15304.read.1.tlog
F:\InterestRateModels\InterestRateModels\Debug\link.15304.write.1.tlog
F:\InterestRateModels\InterestRateModels\Debug\link.16040-cvtres.read.1.tlog
F:\InterestRateModels\InterestRateModels\Debug\link.16040-cvtres.write.1.tlog
F:\InterestRateModels\InterestRateModels\Debug\link.16040-rc.read.1.tlog
F:\InterestRateModels\InterestRateModels\Debug\link.16040-rc.write.1.tlog
F:\InterestRateModels\InterestRateModels\Debug\link.16040.read.1.tlog
F:\InterestRateModels\InterestRateModels\Debug\link.16040.write.1.tlog
F:\InterestRateModels\InterestRateModels\Debug\link.21236-cvtres.read.1.tlog
F:\InterestRateModels\InterestRateModels\Debug\link.21236-cvtres.write.1.tlog
F:\InterestRateModels\InterestRateModels\Debug\link.21236-rc.read.1.tlog
F:\InterestRateModels\InterestRateModels\Debug\link.21236-rc.write.1.tlog
F:\InterestRateModels\InterestRateModels\Debug\link.21236.read.1.tlog
F:\InterestRateModels\InterestRateModels\Debug\link.21236.write.1.tlog
F:\InterestRateModels\InterestRateModels\Debug\link.22356-cvtres.read.1.tlog
F:\InterestRateModels\InterestRateModels\Debug\link.22356-cvtres.write.1.tlog
F:\InterestRateModels\InterestRateModels\Debug\link.22356-rc.read.1.tlog
F:\InterestRateModels\InterestRateModels\Debug\link.22356-rc.write.1.tlog
F:\InterestRateModels\InterestRateModels\Debug\link.22356.read.1.tlog
F:\InterestRateModels\InterestRateModels\Debug\link.22356.write.1.tlog
F:\InterestRateModels\InterestRateModels\Debug\link.23304-cvtres.read.1.tlog
F:\InterestRateModels\InterestRateModels\Debug\link.23304-cvtres.write.1.tlog
F:\InterestRateModels\InterestRateModels\Debug\link.23304-rc.read.1.tlog
F:\InterestRateModels\InterestRateModels\Debug\link.23304-rc.write.1.tlog
F:\InterestRateModels\InterestRateModels\Debug\link.23304.read.1.tlog
F:\InterestRateModels\InterestRateModels\Debug\link.23304.write.1.tlog
F:\InterestRateModels\InterestRateModels\Debug\link.23536-cvtres.read.1.tlog
F:\InterestRateModels\InterestRateModels\Debug\link.23536-cvtres.write.1.tlog
F:\InterestRateModels\InterestRateModels\Debug\link.23536-rc.read.1.tlog
F:\InterestRateModels\InterestRateModels\Debug\link.23536-rc.write.1.tlog
F:\InterestRateModels\InterestRateModels\Debug\link.23536.read.1.tlog
F:\InterestRateModels\InterestRateModels\Debug\link.23536.write.1.tlog
F:\InterestRateModels\InterestRateModels\Debug\link.24132-cvtres.read.1.tlog
F:\InterestRateModels\InterestRateModels\Debug\link.24132-cvtres.write.1.tlog
F:\InterestRateModels\InterestRateModels\Debug\link.24132-rc.read.1.tlog
F:\InterestRateModels\InterestRateModels\Debug\link.24132-rc.write.1.tlog
F:\InterestRateModels\InterestRateModels\Debug\link.24132.read.1.tlog
F:\InterestRateModels\InterestRateModels\Debug\link.24132.write.1.tlog
F:\InterestRateModels\InterestRateModels\Debug\link.24348-cvtres.read.1.tlog
F:\InterestRateModels\InterestRateModels\Debug\link.24348-cvtres.write.1.tlog
F:\InterestRateModels\InterestRateModels\Debug\link.24348-rc.read.1.tlog
F:\InterestRateModels\InterestRateModels\Debug\link.24348-rc.write.1.tlog
F:\InterestRateModels\InterestRateModels\Debug\link.24348.read.1.tlog
F:\InterestRateModels\InterestRateModels\Debug\link.24348.write.1.tlog
F:\InterestRateModels\InterestRateModels\Debug\link.24388-cvtres.read.1.tlog
F:\InterestRateModels\InterestRateModels\Debug\link.24388-cvtres.write.1.tlog
F:\InterestRateModels\InterestRateModels\Debug\link.24388-rc.read.1.tlog
F:\InterestRateModels\InterestRateModels\Debug\link.24388-rc.write.1.tlog
F:\InterestRateModels\InterestRateModels\Debug\link.24388.read.1.tlog
F:\InterestRateModels\InterestRateModels\Debug\link.24388.write.1.tlog
F:\InterestRateModels\InterestRateModels\Debug\link.24464-cvtres.read.1.tlog
F:\InterestRateModels\InterestRateModels\Debug\link.24464-cvtres.write.1.tlog
F:\InterestRateModels\InterestRateModels\Debug\link.24464-rc.read.1.tlog
F:\InterestRateModels\InterestRateModels\Debug\link.24464-rc.write.1.tlog
F:\InterestRateModels\InterestRateModels\Debug\link.24464.read.1.tlog
F:\InterestRateModels\InterestRateModels\Debug\link.24464.write.1.tlog
F:\InterestRateModels\InterestRateModels\Debug\link.24552-cvtres.read.1.tlog
F:\InterestRateModels\InterestRateModels\Debug\link.24552-cvtres.write.1.tlog
F:\InterestRateModels\InterestRateModels\Debug\link.24552-rc.read.1.tlog
F:\InterestRateModels\InterestRateModels\Debug\link.24552-rc.write.1.tlog
F:\InterestRateModels\InterestRateModels\Debug\link.24552.read.1.tlog
F:\InterestRateModels\InterestRateModels\Debug\link.24552.write.1.tlog
F:\InterestRateModels\InterestRateModels\Debug\link.24728-cvtres.read.1.tlog
F:\InterestRateModels\InterestRateModels\Debug\link.24728-cvtres.write.1.tlog
F:\InterestRateModels\InterestRateModels\Debug\link.24728-rc.read.1.tlog
F:\InterestRateModels\InterestRateModels\Debug\link.24728-rc.write.1.tlog
F:\InterestRateModels\InterestRateModels\Debug\link.24728.read.1.tlog
F:\InterestRateModels\InterestRateModels\Debug\link.24728.write.1.tlog
F:\InterestRateModels\InterestRateModels\Debug\link.48324-cvtres.read.1.tlog
F:\InterestRateModels\InterestRateModels\Debug\link.48324-cvtres.write.1.tlog
F:\InterestRateModels\InterestRateModels\Debug\link.48324-rc.read.1.tlog
F:\InterestRateModels\InterestRateModels\Debug\link.48324-rc.write.1.tlog
F:\InterestRateModels\InterestRateModels\Debug\link.48324.read.1.tlog
F:\InterestRateModels\InterestRateModels\Debug\link.48324.write.1.tlog
F:\InterestRateModels\InterestRateModels\Debug\link.51704-cvtres.read.1.tlog
F:\InterestRateModels\InterestRateModels\Debug\link.51704-cvtres.write.1.tlog
F:\InterestRateModels\InterestRateModels\Debug\link.51704-rc.read.1.tlog
F:\InterestRateModels\InterestRateModels\Debug\link.51704-rc.write.1.tlog
F:\InterestRateModels\InterestRateModels\Debug\link.51704.read.1.tlog
F:\InterestRateModels\InterestRateModels\Debug\link.51704.write.1.tlog
F:\InterestRateModels\InterestRateModels\Debug\link.52424-cvtres.read.1.tlog
F:\InterestRateModels\InterestRateModels\Debug\link.52424-cvtres.write.1.tlog
F:\InterestRateModels\InterestRateModels\Debug\link.52424-rc.read.1.tlog
F:\InterestRateModels\InterestRateModels\Debug\link.52424-rc.write.1.tlog
F:\InterestRateModels\InterestRateModels\Debug\link.52424.read.1.tlog
F:\InterestRateModels\InterestRateModels\Debug\link.52424.write.1.tlog
F:\InterestRateModels\InterestRateModels\Debug\link.52836-cvtres.read.1.tlog
F:\InterestRateModels\InterestRateModels\Debug\link.52836-cvtres.write.1.tlog
F:\InterestRateModels\InterestRateModels\Debug\link.52836-rc.read.1.tlog
F:\InterestRateModels\InterestRateModels\Debug\link.52836-rc.write.1.tlog
F:\InterestRateModels\InterestRateModels\Debug\link.52836.read.1.tlog
F:\InterestRateModels\InterestRateModels\Debug\link.52836.write.1.tlog
F:\InterestRateModels\InterestRateModels\Debug\link.53284-cvtres.read.1.tlog
F:\InterestRateModels\InterestRateModels\Debug\link.53284-cvtres.write.1.tlog
F:\InterestRateModels\InterestRateModels\Debug\link.53284-rc.read.1.tlog
F:\InterestRateModels\InterestRateModels\Debug\link.53284-rc.write.1.tlog
F:\InterestRateModels\InterestRateModels\Debug\link.53284.read.1.tlog
F:\InterestRateModels\InterestRateModels\Debug\link.53284.write.1.tlog
F:\InterestRateModels\InterestRateModels\Debug\link.57072-cvtres.read.1.tlog
F:\InterestRateModels\InterestRateModels\Debug\link.57072-cvtres.write.1.tlog
F:\InterestRateModels\InterestRateModels\Debug\link.57072-rc.read.1.tlog
F:\InterestRateModels\InterestRateModels\Debug\link.57072-rc.write.1.tlog
F:\InterestRateModels\InterestRateModels\Debug\link.57072.read.1.tlog
F:\InterestRateModels\InterestRateModels\Debug\link.57072.write.1.tlog
F:\InterestRateModels\InterestRateModels\Debug\link.57976-cvtres.read.1.tlog
F:\InterestRateModels\InterestRateModels\Debug\link.57976-cvtres.write.1.tlog
F:\InterestRateModels\InterestRateModels\Debug\link.57976-rc.read.1.tlog
F:\InterestRateModels\InterestRateModels\Debug\link.57976-rc.write.1.tlog
F:\InterestRateModels\InterestRateModels\Debug\link.57976.read.1.tlog
F:\InterestRateModels\InterestRateModels\Debug\link.57976.write.1.tlog
F:\InterestRateModels\InterestRateModels\Debug\link.58244-cvtres.read.1.tlog
F:\InterestRateModels\InterestRateModels\Debug\link.58244-cvtres.write.1.tlog
F:\InterestRateModels\InterestRateModels\Debug\link.58244-rc.read.1.tlog
F:\InterestRateModels\InterestRateModels\Debug\link.58244-rc.write.1.tlog
F:\InterestRateModels\InterestRateModels\Debug\link.58244.read.1.tlog
F:\InterestRateModels\InterestRateModels\Debug\link.58244.write.1.tlog
F:\InterestRateModels\InterestRateModels\Debug\link.58948-cvtres.read.1.tlog
F:\InterestRateModels\InterestRateModels\Debug\link.58948-cvtres.write.1.tlog
F:\InterestRateModels\InterestRateModels\Debug\link.58948-rc.read.1.tlog
F:\InterestRateModels\InterestRateModels\Debug\link.58948-rc.write.1.tlog
F:\InterestRateModels\InterestRateModels\Debug\link.58948.read.1.tlog
F:\InterestRateModels\InterestRateModels\Debug\link.58948.write.1.tlog
F:\InterestRateModels\InterestRateModels\Debug\link.59096-cvtres.read.1.tlog
F:\InterestRateModels\InterestRateModels\Debug\link.59096-cvtres.write.1.tlog
F:\InterestRateModels\InterestRateModels\Debug\link.59096-rc.read.1.tlog
F:\InterestRateModels\InterestRateModels\Debug\link.59096-rc.write.1.tlog
F:\InterestRateModels\InterestRateModels\Debug\link.59096.read.1.tlog
F:\InterestRateModels\InterestRateModels\Debug\link.59096.write.1.tlog
F:\InterestRateModels\InterestRateModels\Debug\link.61224-cvtres.read.1.tlog
F:\InterestRateModels\InterestRateModels\Debug\link.61224-cvtres.write.1.tlog
F:\InterestRateModels\InterestRateModels\Debug\link.61224-rc.read.1.tlog
F:\InterestRateModels\InterestRateModels\Debug\link.61224-rc.write.1.tlog
F:\InterestRateModels\InterestRateModels\Debug\link.61224.read.1.tlog
F:\InterestRateModels\InterestRateModels\Debug\link.61224.write.1.tlog
F:\InterestRateModels\InterestRateModels\Debug\link.67772-cvtres.read.1.tlog
F:\InterestRateModels\InterestRateModels\Debug\link.67772-cvtres.write.1.tlog
F:\InterestRateModels\InterestRateModels\Debug\link.67772-rc.read.1.tlog
F:\InterestRateModels\InterestRateModels\Debug\link.67772-rc.write.1.tlog
F:\InterestRateModels\InterestRateModels\Debug\link.67772.read.1.tlog
F:\InterestRateModels\InterestRateModels\Debug\link.67772.write.1.tlog
F:\InterestRateModels\InterestRateModels\Debug\link.68832-cvtres.read.1.tlog
F:\InterestRateModels\InterestRateModels\Debug\link.68832-cvtres.write.1.tlog
F:\InterestRateModels\InterestRateModels\Debug\link.68832-rc.read.1.tlog
F:\InterestRateModels\InterestRateModels\Debug\link.68832-rc.write.1.tlog
F:\InterestRateModels\InterestRateModels\Debug\link.68832.read.1.tlog
F:\InterestRateModels\InterestRateModels\Debug\link.68832.write.1.tlog
F:\InterestRateModels\InterestRateModels\Debug\link.69456-cvtres.read.1.tlog
F:\InterestRateModels\InterestRateModels\Debug\link.69456-cvtres.write.1.tlog
F:\InterestRateModels\InterestRateModels\Debug\link.69456-rc.read.1.tlog
F:\InterestRateModels\InterestRateModels\Debug\link.69456-rc.write.1.tlog
F:\InterestRateModels\InterestRateModels\Debug\link.69456.read.1.tlog
F:\InterestRateModels\InterestRateModels\Debug\link.69456.write.1.tlog
F:\InterestRateModels\InterestRateModels\Debug\link.7624-cvtres.read.1.tlog
F:\InterestRateModels\InterestRateModels\Debug\link.7624-cvtres.write.1.tlog
F:\InterestRateModels\InterestRateModels\Debug\link.7624-rc.read.1.tlog
F:\InterestRateModels\InterestRateModels\Debug\link.7624-rc.write.1.tlog
F:\InterestRateModels\InterestRateModels\Debug\link.7624.read.1.tlog
F:\InterestRateModels\InterestRateModels\Debug\link.7624.write.1.tlog
F:\InterestRateModels\InterestRateModels\Debug\link.9508-cvtres.read.1.tlog
F:\InterestRateModels\InterestRateModels\Debug\link.9508-cvtres.write.1.tlog
F:\InterestRateModels\InterestRateModels\Debug\link.9508-rc.read.1.tlog
F:\InterestRateModels\InterestRateModels\Debug\link.9508-rc.write.1.tlog
F:\InterestRateModels\InterestRateModels\Debug\link.9508.read.1.tlog
F:\InterestRateModels\InterestRateModels\Debug\link.9508.write.1.tlog
F:\InterestRateModels\InterestRateModels\Debug\link.command.1.tlog
F:\InterestRateModels\InterestRateModels\Debug\link.read.1.tlog
F:\InterestRateModels\InterestRateModels\Debug\link.write.1.tlog
F:\InterestRateModels\InterestRateModels\Debug\vc110.idb
F:\InterestRateModels\InterestRateModels\Debug\vc110.pdb
F:\InterestRateModels\Debug\InterestRateModels.pdb
F:\InterestRateModels\Debug\InterestRateModels.exe
F:\InterestRateModels\Debug\InterestRateModels.ilk
