Build started 30/01/2013 6:23:37 PM.
     1>Project "F:\InterestRateModels\InterestRateModels\InterestRateModels.vcxproj" on node 2 (Build target(s)).
     1>InitializeBuildStatus:
         Touching "Release\InterestRateModels.unsuccessfulbuild".
       ClCompile:
         C:\Program Files (x86)\Microsoft Visual Studio 11.0\VC\bin\CL.exe /c /Zi /nologo /W3 /WX- /O2 /Oi /Oy- /GL /D _MBCS /Gm- /EHsc /MD /GS /Gy /fp:precise /Zc:wchar_t /Zc:forScope /Fo"Release\\" /Fd"Release\vc110.pdb" /Gd /TP /analyze- /errorReport:prompt main.cpp
         main.cpp
     1>C:\Users\Mike\Desktop\boost_1_52_0\boost/format/alt_sstream_impl.hpp : warning C4819: The file contains a character that cannot be represented in the current code page (936). Save the file in Unicode format to prevent data loss
       Link:
         C:\Program Files (x86)\Microsoft Visual Studio 11.0\VC\bin\link.exe /ERRORREPORT:PROMPT /OUT:"F:\InterestRateModels\Release\InterestRateModels.exe" /NOLOGO kernel32.lib user32.lib gdi32.lib winspool.lib comdlg32.lib advapi32.lib shell32.lib ole32.lib oleaut32.lib uuid.lib odbc32.lib odbccp32.lib /MANIFEST /MANIFESTUAC:"level='asInvoker' uiAccess='false'" /manifest:embed /DEBUG /PDB:"F:\InterestRateModels\Release\InterestRateModels.pdb" /OPT:REF /OPT:ICF /LTCG /TLBID:1 /DYNAMICBASE /NXCOMPAT /IMPLIB:"F:\InterestRateModels\Release\InterestRateModels.lib" /MACHINE:X86 /SAFESEH Release\CashBalance.obj
         Release\Generator.obj
         Release\Hull_White.obj
         Release\Interest_Formula.obj
         Release\main.obj
         Release\Vasicek.obj
         Release\WriteFile.obj
         Generating code
     1>f:\interestratemodels\interestratemodels\main.cpp(36): warning C4700: uninitialized local variable 'p' used
     1>f:\interestratemodels\interestratemodels\main.cpp(40): warning C4700: uninitialized local variable 'start' used
         Finished generating code
         InterestRateModels.vcxproj -> F:\InterestRateModels\Release\InterestRateModels.exe
       FinalizeBuildStatus:
         Deleting file "Release\InterestRateModels.unsuccessfulbuild".
         Touching "Release\InterestRateModels.lastbuildstate".
     1>Done Building Project "F:\InterestRateModels\InterestRateModels\InterestRateModels.vcxproj" (Build target(s)).

Build succeeded.

Time Elapsed 00:00:04.39
